<?xml version="1.0" encoding="UTF-8"?>
<testsuite name="Manages To-Do Items" tests="6" skipped="0" failures="1" errors="0" timestamp="2020-09-24T16:36:08" hostname="LIMW0144" time="54.145">
  <properties/>
  <testcase name="User adds items" classname="Manages To-Do Items" time="11.316"/>
  <testcase name="User adds items" classname="Manages To-Do Items" time="7.685">
    <failure message="java.lang.AssertionError: The strings matches&#10;Expected: a string containing &quot;7.30pm: Play Game&quot;&#10;     but: was &quot;7.00pm : Feed Cat; 7.30pm: Play Catch&quot;" type="java.lang.AssertionError">java.lang.AssertionError: The strings matches
Expected: a string containing &quot;7.30pm: Play Game&quot;
     but: was &quot;7.00pm : Feed Cat; 7.30pm: Play Catch&quot;
	at org.hamcrest.MatcherAssert.assertThat(MatcherAssert.java:20)
	at com.taiger.testcases.testcase001.UserAttemptsToCreateToDoTask.heShouldBeSeeThatTheListsExists(UserAttemptsToCreateToDoTask.java:48)
	at ✽.he should be see that the lists &quot;7.00pm : Feed Cat; 7.30pm: Play Catch&quot; exists(file:src/test/resources/feature/WriteATask.feature:12)
</failure>
  </testcase>
  <testcase name="User deletes item that is uncompleted" classname="Manages To-Do Items" time="7.96"/>
  <testcase name="User deletes item that is uncompleted" classname="Manages To-Do Items" time="7.79"/>
  <testcase name="User deletes item that is completed" classname="Manages To-Do Items" time="7.978"/>
  <testcase name="User deletes item that is completed" classname="Manages To-Do Items" time="7.937"/>
  <system-out><![CDATA[Feature: Manages To-Do Items

  @Gherkin @AddingItem
  Scenario Outline: User adds items ?[90m# src/test/resources/feature/WriteATask.feature:9?[0m
    ?[36mGiven "John" is on the home page?[0m
    ?[36mWhen "John" attempts to add his "<LIST OF TO DO ITEMS>"?[0m
    ?[36mThen he should be see that the lists "<CHECKING LIST OF TO DO ITEMS>" exists?[0m

    Examples: 

  Background:  ?[90m# src/test/resources/feature/WriteATask.feature:3?[0m
  In order to remember the things John want to do
  As a todoMVC user
  John want to manage his todo list
00:36:08.342 [Test worker] INFO  n.t.c.steps.ConsoleLoggingListener - 
 _____ _____ ____ _____   ____ _____  _    ____ _____ _____ ____  
|_   _| ____/ ___|_   _| / ___|_   _|/ \  |  _ \_   _| ____|  _ \ 
  | | |  _| \___ \ | |   \___ \ | | / _ \ | |_) || | |  _| | | | |
  | | | |___ ___) || |    ___) || |/ ___ \|  _ < | | | |___| |_| |
  |_| |_____|____/ |_|   |____/ |_/_/   \_\_| \_\|_| |_____|____/ 
                                                                  

TEST STARTED: User adds items
-------------------------------------------------------------------(manages-to-do-items;user-adds-items)

  @Gherkin @AddingItem
  Scenario Outline: User adds items                                                    ?[90m# src/test/resources/feature/WriteATask.feature:17?[0m
00:36:09.392 [Test worker] INFO  n.s.c.w.d.ProvideNewDriver - Instantiating driver
00:36:09.392 [Test worker] INFO  n.s.c.w.d.ProvideNewDriver - Driver capabilities: Capabilities {acceptInsecureCerts: false, browserName: chrome, chrome.switches: --start-maximized;--test-ty..., goog:chromeOptions: {args: [--start-maximized, --test-type, --no-sandbox, --ignore-certificate-errors..., --disable-popup-blocking, --disable-default-apps, --disable-ext  ensions-file..., --incognito, --disable-infobars, --disable-gpu, --headless], extensions: []}, loggingPrefs: org.openqa.selenium.logging..., platform: ANY, version: }
    ?[32mGiven ?[0m?[32m?[0m?[32m?[1m"John"?[0m?[32m is on the home page?[0m                                                   ?[90m# UserAttemptsToCreateToDoTask.isOnTheHomePage(String)?[0m
    ?[32mWhen ?[0m?[32m?[0m?[32m?[1m"John"?[0m?[32m attempts to add his ?[0m?[32m?[1m"7.00am : Wake up; 7.30am : Breakfast"?[0m             ?[90m# UserAttemptsToCreateToDoTask.attemptsToAddHis(String,String)?[0m
    ?[32mThen ?[0m?[32mhe should be see that the lists ?[0m?[32m?[1m"7.00am : Wake up; 7.30am : Breakfast"?[0m?[32m exists?[0m ?[90m# UserAttemptsToCreateToDoTask.heShouldBeSeeThatTheListsExists(String)?[0m

  Background:  ?[90m# src/test/resources/feature/WriteATask.feature:3?[0m
  In order to remember the things John want to do
  As a todoMVC user
  John want to manage his todo list

  @Gherkin @AddingItem
  Scenario Outline: User adds items                                                     ?[90m# src/test/resources/feature/WriteATask.feature:18?[0m
00:36:20.589 [Test worker] INFO  n.s.c.w.d.ProvideNewDriver - Instantiating driver
00:36:20.589 [Test worker] INFO  n.s.c.w.d.ProvideNewDriver - Driver capabilities: Capabilities {acceptInsecureCerts: false, browserName: chrome, chrome.switches: --start-maximized;--test-ty..., goog:chromeOptions: {args: [--start-maximized, --test-type, --no-sandbox, --ignore-certificate-errors..., --disable-popup-blocking, --disable-default-apps, --disable-ext  ensions-file..., --incognito, --disable-infobars, --disable-gpu, --headless], extensions: []}, loggingPrefs: org.openqa.selenium.logging..., platform: ANY, version: }
    ?[32mGiven ?[0m?[32m?[0m?[32m?[1m"John"?[0m?[32m is on the home page?[0m                                                    ?[90m# UserAttemptsToCreateToDoTask.isOnTheHomePage(String)?[0m
    ?[32mWhen ?[0m?[32m?[0m?[32m?[1m"John"?[0m?[32m attempts to add his ?[0m?[32m?[1m"7.00pm : Feed Cat; 7.30pm: Play Game"?[0m              ?[90m# UserAttemptsToCreateToDoTask.attemptsToAddHis(String,String)?[0m
    ?[31mThen ?[0m?[31mhe should be see that the lists ?[0m?[31m?[1m"7.00pm : Feed Cat; 7.30pm: Play Catch"?[0m?[31m exists?[0m ?[90m# UserAttemptsToCreateToDoTask.heShouldBeSeeThatTheListsExists(String)?[0m
      ?[31mjava.lang.AssertionError: The strings matches
Expected: a string containing "7.30pm: Play Game"
     but: was "7.00pm : Feed Cat; 7.30pm: Play Catch"
	at org.hamcrest.MatcherAssert.assertThat(MatcherAssert.java:20)
	at com.taiger.testcases.testcase001.UserAttemptsToCreateToDoTask.heShouldBeSeeThatTheListsExists(UserAttemptsToCreateToDoTask.java:48)
	at ?.he should be see that the lists "7.00pm : Feed Cat; 7.30pm: Play Catch" exists(file:src/test/resources/feature/WriteATask.feature:12)
?[0m

  @Gherkin @RemovingItem @UncompletedTask
  Scenario Outline: User deletes item that is uncompleted ?[90m# src/test/resources/feature/WriteATask.feature:21?[0m
    ?[36mGiven "John" is on the home page?[0m
    ?[36mAnd "John" has added his "<LIST OF TO DO ITEMS>"?[0m
    ?[36mWhen "John" attempts to delete his uncompleted task "<ITEMS TO DELETE>"?[0m
    ?[36mThen he should be see that the lists "<LIST OF TO DO ITEMS>" does not have "<ITEMS TO DELETE>"?[0m

    Examples: 

  Background:  ?[90m# src/test/resources/feature/WriteATask.feature:3?[0m
  In order to remember the things John want to do
  As a todoMVC user
  John want to manage his todo list
00:36:28.770 [Test worker] INFO  n.t.c.steps.ConsoleLoggingListener - 
 _____ _____ ____ _____   ____ _____  _    ____ _____ _____ ____  
|_   _| ____/ ___|_   _| / ___|_   _|/ \  |  _ \_   _| ____|  _ \ 
  | | |  _| \___ \ | |   \___ \ | | / _ \ | |_) || | |  _| | | | |
  | | | |___ ___) || |    ___) || |/ ___ \|  _ < | | | |___| |_| |
  |_| |_____|____/ |_|   |____/ |_/_/   \_\_| \_\|_| |_____|____/ 
                                                                  

TEST STARTED: User deletes item that is uncompleted
-------------------------------------------------------------------(manages-to-do-items;user-deletes-item-that-is-uncompleted)

  @Gherkin @RemovingItem @UncompletedTask
  Scenario Outline: User deletes item that is uncompleted                                                        ?[90m# src/test/resources/feature/WriteATask.feature:28?[0m
00:36:29.039 [Test worker] INFO  n.s.c.w.d.ProvideNewDriver - Instantiating driver
00:36:29.039 [Test worker] INFO  n.s.c.w.d.ProvideNewDriver - Driver capabilities: Capabilities {acceptInsecureCerts: false, browserName: chrome, chrome.switches: --start-maximized;--test-ty..., goog:chromeOptions: {args: [--start-maximized, --test-type, --no-sandbox, --ignore-certificate-errors..., --disable-popup-blocking, --disable-default-apps, --disable-ext  ensions-file..., --incognito, --disable-infobars, --disable-gpu, --headless], extensions: []}, loggingPrefs: org.openqa.selenium.logging..., platform: ANY, version: }
    ?[32mGiven ?[0m?[32m?[0m?[32m?[1m"John"?[0m?[32m is on the home page?[0m                                                                             ?[90m# UserAttemptsToCreateToDoTask.isOnTheHomePage(String)?[0m
    ?[32mAnd ?[0m?[32m?[0m?[32m?[1m"John"?[0m?[32m has added his ?[0m?[32m?[1m"7.00am : Wake up; 7.30am : Breakfast"?[0m                                              ?[90m# UserAttemptsToCreateToDoTask.hasAddedHis(String,String)?[0m
    ?[32mWhen ?[0m?[32m?[0m?[32m?[1m"John"?[0m?[32m attempts to delete his uncompleted task ?[0m?[32m?[1m"7.00am : Wake up"?[0m                                       ?[90m# UserAttemptsToCreateToDoTask.attemptsToDeleteHis(String,String)?[0m
    ?[32mThen ?[0m?[32mhe should be see that the lists ?[0m?[32m?[1m"7.00am : Wake up; 7.30am : Breakfast"?[0m?[32m does not have ?[0m?[32m?[1m"7.00am : Wake up"?[0m ?[90m# UserAttemptsToCreateToDoTask.heShouldBeSeeThatTheListsDoesNotHave(String,String)?[0m

  Background:  ?[90m# src/test/resources/feature/WriteATask.feature:3?[0m
  In order to remember the things John want to do
  As a todoMVC user
  John want to manage his todo list

  @Gherkin @RemovingItem @UncompletedTask
  Scenario Outline: User deletes item that is uncompleted                                                         ?[90m# src/test/resources/feature/WriteATask.feature:29?[0m
00:36:37.654 [Test worker] INFO  n.s.c.w.d.ProvideNewDriver - Instantiating driver
00:36:37.654 [Test worker] INFO  n.s.c.w.d.ProvideNewDriver - Driver capabilities: Capabilities {acceptInsecureCerts: false, browserName: chrome, chrome.switches: --start-maximized;--test-ty..., goog:chromeOptions: {args: [--start-maximized, --test-type, --no-sandbox, --ignore-certificate-errors..., --disable-popup-blocking, --disable-default-apps, --disable-ext  ensions-file..., --incognito, --disable-infobars, --disable-gpu, --headless], extensions: []}, loggingPrefs: org.openqa.selenium.logging..., platform: ANY, version: }
    ?[32mGiven ?[0m?[32m?[0m?[32m?[1m"John"?[0m?[32m is on the home page?[0m                                                                              ?[90m# UserAttemptsToCreateToDoTask.isOnTheHomePage(String)?[0m
    ?[32mAnd ?[0m?[32m?[0m?[32m?[1m"John"?[0m?[32m has added his ?[0m?[32m?[1m"7.00pm : Feed Cat; 7.30pm: Play Game"?[0m                                               ?[90m# UserAttemptsToCreateToDoTask.hasAddedHis(String,String)?[0m
    ?[32mWhen ?[0m?[32m?[0m?[32m?[1m"John"?[0m?[32m attempts to delete his uncompleted task ?[0m?[32m?[1m"7.30pm: Play Game"?[0m                                       ?[90m# UserAttemptsToCreateToDoTask.attemptsToDeleteHis(String,String)?[0m
    ?[32mThen ?[0m?[32mhe should be see that the lists ?[0m?[32m?[1m"7.00pm : Feed Cat; 7.30pm: Play Game"?[0m?[32m does not have ?[0m?[32m?[1m"7.30pm: Play Game"?[0m ?[90m# UserAttemptsToCreateToDoTask.heShouldBeSeeThatTheListsDoesNotHave(String,String)?[0m

  @Gherkin @RemovingItem @CompletedTask
  Scenario Outline: User deletes item that is completed ?[90m# src/test/resources/feature/WriteATask.feature:32?[0m
    ?[36mGiven "John" is on the home page?[0m
    ?[36mAnd "John" has added his "<LIST OF TO DO ITEMS>"?[0m
    ?[36mWhen "John" attempts to delete his completed task "<ITEMS TO DELETE>"?[0m
    ?[36mThen he should be see that the lists "<LIST OF TO DO ITEMS>" does not have "<ITEMS TO DELETE>"?[0m

    Examples: 

  Background:  ?[90m# src/test/resources/feature/WriteATask.feature:3?[0m
  In order to remember the things John want to do
  As a todoMVC user
  John want to manage his todo list
00:36:45.897 [Test worker] INFO  n.t.c.steps.ConsoleLoggingListener - 
 _____ _____ ____ _____   ____ _____  _    ____ _____ _____ ____  
|_   _| ____/ ___|_   _| / ___|_   _|/ \  |  _ \_   _| ____|  _ \ 
  | | |  _| \___ \ | |   \___ \ | | / _ \ | |_) || | |  _| | | | |
  | | | |___ ___) || |    ___) || |/ ___ \|  _ < | | | |___| |_| |
  |_| |_____|____/ |_|   |____/ |_/_/   \_\_| \_\|_| |_____|____/ 
                                                                  

TEST STARTED: User deletes item that is completed
-------------------------------------------------------------------(manages-to-do-items;user-deletes-item-that-is-completed)

  @Gherkin @RemovingItem @CompletedTask
  Scenario Outline: User deletes item that is completed                                                          ?[90m# src/test/resources/feature/WriteATask.feature:39?[0m
00:36:46.176 [Test worker] INFO  n.s.c.w.d.ProvideNewDriver - Instantiating driver
00:36:46.177 [Test worker] INFO  n.s.c.w.d.ProvideNewDriver - Driver capabilities: Capabilities {acceptInsecureCerts: false, browserName: chrome, chrome.switches: --start-maximized;--test-ty..., goog:chromeOptions: {args: [--start-maximized, --test-type, --no-sandbox, --ignore-certificate-errors..., --disable-popup-blocking, --disable-default-apps, --disable-ext  ensions-file..., --incognito, --disable-infobars, --disable-gpu, --headless], extensions: []}, loggingPrefs: org.openqa.selenium.logging..., platform: ANY, version: }
    ?[32mGiven ?[0m?[32m?[0m?[32m?[1m"John"?[0m?[32m is on the home page?[0m                                                                             ?[90m# UserAttemptsToCreateToDoTask.isOnTheHomePage(String)?[0m
    ?[32mAnd ?[0m?[32m?[0m?[32m?[1m"John"?[0m?[32m has added his ?[0m?[32m?[1m"7.00am : Wake up; 7.30am : Breakfast"?[0m                                              ?[90m# UserAttemptsToCreateToDoTask.hasAddedHis(String,String)?[0m
    ?[32mWhen ?[0m?[32m?[0m?[32m?[1m"John"?[0m?[32m attempts to delete his completed task ?[0m?[32m?[1m"7.00am : Wake up"?[0m                                         ?[90m# UserAttemptsToCreateToDoTask.attemptsToDeleteHisCompletedTask(String,String)?[0m
    ?[32mThen ?[0m?[32mhe should be see that the lists ?[0m?[32m?[1m"7.00am : Wake up; 7.30am : Breakfast"?[0m?[32m does not have ?[0m?[32m?[1m"7.00am : Wake up"?[0m ?[90m# UserAttemptsToCreateToDoTask.heShouldBeSeeThatTheListsDoesNotHave(String,String)?[0m

  Background:  ?[90m# src/test/resources/feature/WriteATask.feature:3?[0m
  In order to remember the things John want to do
  As a todoMVC user
  John want to manage his todo list

  @Gherkin @RemovingItem @CompletedTask
  Scenario Outline: User deletes item that is completed                                                           ?[90m# src/test/resources/feature/WriteATask.feature:40?[0m
00:36:54.756 [Test worker] INFO  n.s.c.w.d.ProvideNewDriver - Instantiating driver
00:36:54.756 [Test worker] INFO  n.s.c.w.d.ProvideNewDriver - Driver capabilities: Capabilities {acceptInsecureCerts: false, browserName: chrome, chrome.switches: --start-maximized;--test-ty..., goog:chromeOptions: {args: [--start-maximized, --test-type, --no-sandbox, --ignore-certificate-errors..., --disable-popup-blocking, --disable-default-apps, --disable-ext  ensions-file..., --incognito, --disable-infobars, --disable-gpu, --headless], extensions: []}, loggingPrefs: org.openqa.selenium.logging..., platform: ANY, version: }
    ?[32mGiven ?[0m?[32m?[0m?[32m?[1m"John"?[0m?[32m is on the home page?[0m                                                                              ?[90m# UserAttemptsToCreateToDoTask.isOnTheHomePage(String)?[0m
    ?[32mAnd ?[0m?[32m?[0m?[32m?[1m"John"?[0m?[32m has added his ?[0m?[32m?[1m"7.00pm : Feed Cat; 7.30pm: Play Game"?[0m                                               ?[90m# UserAttemptsToCreateToDoTask.hasAddedHis(String,String)?[0m
    ?[32mWhen ?[0m?[32m?[0m?[32m?[1m"John"?[0m?[32m attempts to delete his completed task ?[0m?[32m?[1m"7.30pm: Play Game"?[0m                                         ?[90m# UserAttemptsToCreateToDoTask.attemptsToDeleteHisCompletedTask(String,String)?[0m
    ?[32mThen ?[0m?[32mhe should be see that the lists ?[0m?[32m?[1m"7.00pm : Feed Cat; 7.30pm: Play Game"?[0m?[32m does not have ?[0m?[32m?[1m"7.30pm: Play Game"?[0m ?[90m# UserAttemptsToCreateToDoTask.heShouldBeSeeThatTheListsDoesNotHave(String,String)?[0m
]]></system-out>
  <system-err><![CDATA[Sep 25, 2020 12:36:08 AM org.openqa.selenium.remote.DesiredCapabilities chrome
INFO: Using `new ChromeOptions()` is preferred to `DesiredCapabilities.chrome()`
Starting ChromeDriver 85.0.4183.87 (cd6713ebf92fa1cacc0f1a598df280093af0c5d7-refs/branch-heads/4183@{#1689}) on port 13265
Only local connections are allowed.
Please see https://chromedriver.chromium.org/security-considerations for suggestions on keeping ChromeDriver safe.
ChromeDriver was started successfully.
Sep 25, 2020 12:36:12 AM org.openqa.selenium.remote.ProtocolHandshake createSession
INFO: Detected dialect: W3C
Sep 25, 2020 12:36:20 AM org.openqa.selenium.remote.DesiredCapabilities chrome
INFO: Using `new ChromeOptions()` is preferred to `DesiredCapabilities.chrome()`
Starting ChromeDriver 85.0.4183.87 (cd6713ebf92fa1cacc0f1a598df280093af0c5d7-refs/branch-heads/4183@{#1689}) on port 21962
Only local connections are allowed.
Please see https://chromedriver.chromium.org/security-considerations for suggestions on keeping ChromeDriver safe.
ChromeDriver was started successfully.
Sep 25, 2020 12:36:23 AM org.openqa.selenium.remote.ProtocolHandshake createSession
INFO: Detected dialect: W3C
Sep 25, 2020 12:36:28 AM org.openqa.selenium.remote.DesiredCapabilities chrome
INFO: Using `new ChromeOptions()` is preferred to `DesiredCapabilities.chrome()`
Starting ChromeDriver 85.0.4183.87 (cd6713ebf92fa1cacc0f1a598df280093af0c5d7-refs/branch-heads/4183@{#1689}) on port 10971
Only local connections are allowed.
Please see https://chromedriver.chromium.org/security-considerations for suggestions on keeping ChromeDriver safe.
ChromeDriver was started successfully.
Sep 25, 2020 12:36:32 AM org.openqa.selenium.remote.ProtocolHandshake createSession
INFO: Detected dialect: W3C
Sep 25, 2020 12:36:37 AM org.openqa.selenium.remote.DesiredCapabilities chrome
INFO: Using `new ChromeOptions()` is preferred to `DesiredCapabilities.chrome()`
Starting ChromeDriver 85.0.4183.87 (cd6713ebf92fa1cacc0f1a598df280093af0c5d7-refs/branch-heads/4183@{#1689}) on port 37630
Only local connections are allowed.
Please see https://chromedriver.chromium.org/security-considerations for suggestions on keeping ChromeDriver safe.
ChromeDriver was started successfully.
Sep 25, 2020 12:36:40 AM org.openqa.selenium.remote.ProtocolHandshake createSession
INFO: Detected dialect: W3C
Sep 25, 2020 12:36:45 AM org.openqa.selenium.remote.DesiredCapabilities chrome
INFO: Using `new ChromeOptions()` is preferred to `DesiredCapabilities.chrome()`
Starting ChromeDriver 85.0.4183.87 (cd6713ebf92fa1cacc0f1a598df280093af0c5d7-refs/branch-heads/4183@{#1689}) on port 18491
Only local connections are allowed.
Please see https://chromedriver.chromium.org/security-considerations for suggestions on keeping ChromeDriver safe.
ChromeDriver was started successfully.
Sep 25, 2020 12:36:49 AM org.openqa.selenium.remote.ProtocolHandshake createSession
INFO: Detected dialect: W3C
Sep 25, 2020 12:36:54 AM org.openqa.selenium.remote.DesiredCapabilities chrome
INFO: Using `new ChromeOptions()` is preferred to `DesiredCapabilities.chrome()`
Starting ChromeDriver 85.0.4183.87 (cd6713ebf92fa1cacc0f1a598df280093af0c5d7-refs/branch-heads/4183@{#1689}) on port 47086
Only local connections are allowed.
Please see https://chromedriver.chromium.org/security-considerations for suggestions on keeping ChromeDriver safe.
ChromeDriver was started successfully.
Sep 25, 2020 12:36:57 AM org.openqa.selenium.remote.ProtocolHandshake createSession
INFO: Detected dialect: W3C
]]></system-err>
</testsuite>
